DiagnosticsPlugin.exe Information: 0 : [2017/9/12 2:15:58] Starting DiagnosticPlugin.exe DiagnosticPlugin-ShutdownEvent DiagnosticPlugin-TotalShutdownEvent -wadVer1v5
DiagnosticsPlugin.exe Error: 0 : [2017/9/12 2:15:58] Failed to save IIS Directory state
DiagnosticsPlugin.exe Error: 0 : [2017/9/12 2:15:58] System.UnauthorizedAccessException: 文件名: redirection.config
错误: 由于权限不足而无法读取配置文件


   在 Microsoft.Web.Administration.Interop.IAppHostAdminManager.GetAdminSection(String bstrSectionName, String bstrPath)
   在 Microsoft.Web.Administration.Configuration.GetSectionInternal(ConfigurationSection section, String sectionPath, String locationPath)
   在 Microsoft.Web.Administration.ServerManager.SitesSectionCreator()
   在 Microsoft.Web.Administration.Lazy.Initialize[T](T& target, CreateInstanceDelegate`1 valueFactory)
   在 Microsoft.Web.Administration.ServerManager.SitesCollectionCreator()
   在 Microsoft.Web.Administration.Lazy.Initialize[T](T& target, CreateInstanceDelegate`1 valueFactory)
   在 Microsoft.Azure.Plugins.Plugin.DiagnosticsPluginManager.SaveIISDirectoryState()
DiagnosticsPlugin.exe Information: 0 : [2017/9/12 2:15:58] Starting DiagnosticsPlugin
DiagnosticsPlugin.exe Information: 0 : [2017/9/12 2:15:58] Emulator config file set to C:\Users\liuwu\Documents\Visual Studio 2017\Projects\AzureCloudService1\AzureCloudService1\csx\Debug\roles\WebRole1\approot\diagnostics.wadcfgx
DiagnosticsPlugin.exe Information: 0 : [2017/9/12 2:15:58] DiagnosticsStoreRootPath set to: C:\Users\liuwu\AppData\Local\dftmp\Resources\f3a0daf7-3544-4101-89cb-0f54e0cb7184
DiagnosticsPlugin.exe Information: 0 : [2017/9/12 2:15:58] Loading config file: C:\Users\liuwu\Documents\Visual Studio 2017\Projects\AzureCloudService1\AzureCloudService1\csx\Debug\roles\WebRole1\approot\diagnostics.wadcfgx
DiagnosticsPlugin.exe Information: 0 : [2017/9/12 2:15:58] Config file to read: C:\Users\liuwu\Documents\Visual Studio 2017\Projects\AzureCloudService1\AzureCloudService1\csx\Debug\roles\WebRole1\approot\diagnostics.wadcfgx
DiagnosticsPlugin.exe Information: 0 : [2017/9/12 2:15:58] Checking VM Type
DiagnosticsPlugin.exe Information: 0 : [2017/9/12 2:15:58] Emulator config file set to C:\Users\liuwu\Documents\Visual Studio 2017\Projects\AzureCloudService1\AzureCloudService1\csx\Debug\roles\WebRole1\approot\diagnostics.wadcfgx
DiagnosticsPlugin.exe Information: 0 : [2017/9/12 2:15:58] Extension set to Emulator Mode
DiagnosticsPlugin.exe Information: 0 : [2017/9/12 2:15:58] Reading XML configuration file
DiagnosticsPlugin.exe Information: 0 : [2017/9/12 2:15:58] Bypassing private config decryption
DiagnosticsPlugin.exe Information: 0 : [2017/9/12 2:15:58] WadCfg is provided in initial configuration. Using that to initialize Diagnostics.
DiagnosticsPlugin.exe Information: 0 : [2017/9/12 2:15:58] <PublicConfig xmlns="http://schemas.microsoft.com/ServiceHosting/2010/10/DiagnosticsConfiguration">
  <WadCfg>
    <DiagnosticMonitorConfiguration overallQuotaInMB="4096" sinks="applicationInsights.errors">
      <DiagnosticInfrastructureLogs scheduledTransferLogLevelFilter="Error" />
      <Directories scheduledTransferPeriod="PT1M">
        <IISLogs containerName="wad-iis-logfiles" />
        <FailedRequestLogs containerName="wad-failedrequestlogs" />
      </Directories>
      <PerformanceCounters scheduledTransferPeriod="PT1M">
        <PerformanceCounterConfiguration counterSpecifier="\Memory\Available MBytes" sampleRate="PT3M" />
        <PerformanceCounterConfiguration counterSpecifier="\Web Service(_Total)\ISAPI Extension Requests/sec" sampleRate="PT3M" />
        <PerformanceCounterConfiguration counterSpecifier="\Web Service(_Total)\Bytes Total/Sec" sampleRate="PT3M" />
        <PerformanceCounterConfiguration counterSpecifier="\ASP.NET Applications(__Total__)\Requests/Sec" sampleRate="PT3M" />
        <PerformanceCounterConfiguration counterSpecifier="\ASP.NET Applications(__Total__)\Errors Total/Sec" sampleRate="PT3M" />
        <PerformanceCounterConfiguration counterSpecifier="\ASP.NET\Requests Queued" sampleRate="PT3M" />
        <PerformanceCounterConfiguration counterSpecifier="\ASP.NET\Requests Rejected" sampleRate="PT3M" />
        <PerformanceCounterConfiguration counterSpecifier="\Processor(_Total)\% Processor Time" sampleRate="PT3M" />
      </PerformanceCounters>
      <WindowsEventLog scheduledTransferPeriod="PT1M">
        <DataSource name="Application!*[System[(Level=1 or Level=2 or Level=3)]]" />
        <DataSource name="Windows Azure!*[System[(Level=1 or Level=2 or Level=3 or Level=4)]]" />
      </WindowsEventLog>
      <CrashDumps>
        <CrashDumpConfiguration processName="WaIISHost.exe" />
        <CrashDumpConfiguration processName="WaWorkerHost.exe" />
        <CrashDumpConfiguration processName="w3wp.exe" />
      </CrashDumps>
      <Logs scheduledTransferPeriod="PT1M" scheduledTransferLogLevelFilter="Error" />
    </DiagnosticMonitorConfiguration>
    <SinksConfig>
      <Sink name="applicationInsights">
        <ApplicationInsights>261dfd8f-cc9b-4269-8181-58286a74d4fa</ApplicationInsights>
        <Channels>
          <Channel logLevel="Error" name="errors" />
        </Channels>
      </Sink>
    </SinksConfig>
  </WadCfg>
  <StorageAccount>devstoreaccount1</StorageAccount>
</PublicConfig>
DiagnosticsPlugin.exe Information: 0 : [2017/9/12 2:15:58] Private setting is loaded
DiagnosticsPlugin.exe Information: 0 : [2017/9/12 2:15:58] Is config json/xml loaded
DiagnosticsPlugin.exe Information: 0 : [2017/9/12 2:15:58] Checking if configuration needs to be fetched from the storage account and doing so if needed.
DiagnosticsPlugin.exe Information: 0 : [2017/9/12 2:15:58] Successfully created checkpoint file C:\Users\liuwu\AppData\Local\dftmp\Resources\f3a0daf7-3544-4101-89cb-0f54e0cb7184\WAD0105\Configuration\Checkpoint.txt
DiagnosticsPlugin.exe Information: 0 : [2017/9/12 2:15:58] Will use local resource directory C:\Users\liuwu\AppData\Local\dftmp\Resources\f3a0daf7-3544-4101-89cb-0f54e0cb7184\WAD0105
DiagnosticsPlugin.exe Information: 0 : [2017/9/12 2:15:58] Will use endpoint https://core.windows.net for storage.
DiagnosticsPlugin.exe Information: 0 : [2017/9/12 2:15:59] Exception in creating the ServerManager; is IIS installed?
 Error:System.UnauthorizedAccessException: 文件名: redirection.config
错误: 由于权限不足而无法读取配置文件


   在 Microsoft.Web.Administration.Interop.IAppHostAdminManager.GetAdminSection(String bstrSectionName, String bstrPath)
   在 Microsoft.Web.Administration.Configuration.GetSectionInternal(ConfigurationSection section, String sectionPath, String locationPath)
   在 Microsoft.Web.Administration.ServerManager.SitesSectionCreator()
   在 Microsoft.Web.Administration.Lazy.Initialize[T](T& target, CreateInstanceDelegate`1 valueFactory)
   在 Microsoft.Web.Administration.ServerManager.SitesCollectionCreator()
   在 Microsoft.Web.Administration.Lazy.Initialize[T](T& target, CreateInstanceDelegate`1 valueFactory)
   在 Microsoft.Azure.Plugins.Plugin.WadConfigProcessor.AddDirectories(EventsType mdsEvents, Directories wadDirectories)
DiagnosticsPlugin.exe Information: 0 : [2017/9/12 2:15:59] Running in emulator mode, crash dumps not enabled
DiagnosticsPlugin.exe Information: 0 : [2017/9/12 2:15:59] Checking to see if Application Insights extension needs to be configured.
DiagnosticsPlugin.exe Information: 0 : [2017/9/12 2:15:59] Adding Application Insights extension to MA config
DiagnosticsPlugin.exe Information: 0 : [2017/9/12 2:16:00] In emulator mode and using devstore updating XStoreAccount info, command line args: -LocalPath "C:\Users\liuwu\AppData\Local\dftmp\Resources\f3a0daf7-3544-4101-89cb-0f54e0cb7184\WAD0105"  -ConfigFile "C:\Users\liuwu\AppData\Local\dftmp\Resources\f3a0daf7-3544-4101-89cb-0f54e0cb7184\WAD0105\Configuration\MaConfig.xml" -ShutDownEvent WADDM-ShutDown-cc56fa1d4cd94ae6966b5214887ed90c  -TotalShutDownEvent WADDM-TotalShutDown-cc56fa1d4cd94ae6966b5214887ed90c -InitializedEvent WADM-StartUp-cc56fa1d4cd94ae6966b5214887ed90c -parent 2616 -events -wadVer1v5 -UseProxyServer -XStoreAccounts WadAccount#true#devstoreaccount1#Eby8vdM02xNOcqFlqUwJPLlmEtlCDXJ1OUzFT50uSRZ6IFsuFq2UVErCz4I6tq/K1SZFPTOtr/KBHBeksoGMGw==#http://127.0.0.1:10002#http://127.0.0.1:10001#http://127.0.0.1:10000
DiagnosticsPlugin.exe Error: 0 : [2017/9/12 2:16:30] Microsoft.Cis.Monitoring.Query.QueryException: ErrorFail
   在 Microsoft.Cis.Monitoring.Query.QueryLocalTable..ctor(String TableName, String TablePath)
   在 ApplicationInsightsExtension.MATableReader.ReadTableRecords(String tableName, String tablePath, DateTime startTime, DateTime endTime)
   在 Microsoft.Azure.Plugins.Diagnostics.dll.MAStatusWriter.UpdateStatusReport(Object sender, ElapsedEventArgs e)
DiagnosticsPlugin.exe Information: 0 : [2017/9/12 2:17:00] MonAgentHost.exe started
DiagnosticsPlugin.exe Information: 0 : [2017/9/12 2:17:00] DiagnoticsPlugin started.
DiagnosticsPlugin.exe Information: 0 : [2017/9/12 2:17:00] DiagnoticsPlugin now waiting on events "DiagnosticPlugin-ShutdownEvent", "DiagnosticPlugin-TotalShutdownEvent" or "DiagnosticPlugin-RestartEvent".
DiagnosticsPlugin.exe Error: 0 : [2017/9/12 2:17:00] Microsoft.Cis.Monitoring.Query.QueryException: ErrorFail
   在 Microsoft.Cis.Monitoring.Query.QueryLocalTable..ctor(String TableName, String TablePath)
   在 ApplicationInsightsExtension.MATableReader.ReadTableRecords(String tableName, String tablePath, DateTime startTime, DateTime endTime)
   在 Microsoft.Azure.Plugins.Diagnostics.dll.MAStatusWriter.UpdateStatusReport(Object sender, ElapsedEventArgs e)
DiagnosticsPlugin.exe Error: 0 : [2017/9/12 2:17:30] Microsoft.Cis.Monitoring.Query.QueryException: ErrorFail
   在 Microsoft.Cis.Monitoring.Query.QueryLocalTable..ctor(String TableName, String TablePath)
   在 ApplicationInsightsExtension.MATableReader.ReadTableRecords(String tableName, String tablePath, DateTime startTime, DateTime endTime)
   在 Microsoft.Azure.Plugins.Diagnostics.dll.MAStatusWriter.UpdateStatusReport(Object sender, ElapsedEventArgs e)
DiagnosticsPlugin.exe Information: 0 : [2017/9/12 2:17:58] Failed to update IIS Directory state in directory monitor
文件名: redirection.config
错误: 由于权限不足而无法读取配置文件


DiagnosticsPlugin.exe Error: 0 : [2017/9/12 2:18:00] Microsoft.Cis.Monitoring.Query.QueryException: ErrorFail
   在 Microsoft.Cis.Monitoring.Query.QueryLocalTable..ctor(String TableName, String TablePath)
   在 ApplicationInsightsExtension.MATableReader.ReadTableRecords(String tableName, String tablePath, DateTime startTime, DateTime endTime)
   在 Microsoft.Azure.Plugins.Diagnostics.dll.MAStatusWriter.UpdateStatusReport(Object sender, ElapsedEventArgs e)
DiagnosticsPlugin.exe Error: 0 : [2017/9/12 2:18:30] Microsoft.Cis.Monitoring.Query.QueryException: ErrorFail
   在 Microsoft.Cis.Monitoring.Query.QueryLocalTable..ctor(String TableName, String TablePath)
   在 ApplicationInsightsExtension.MATableReader.ReadTableRecords(String tableName, String tablePath, DateTime startTime, DateTime endTime)
   在 Microsoft.Azure.Plugins.Diagnostics.dll.MAStatusWriter.UpdateStatusReport(Object sender, ElapsedEventArgs e)
